This file contains any messages produced by compilers while
running configure, to aid debugging if configure makes a mistake.

It was created by yara configure 4.5.2, which was
generated by GNU Autoconf 2.71.  Invocation command line was

  $ ./configure

## --------- ##
## Platform. ##
## --------- ##

hostname = ubuntu
uname -m = x86_64
uname -r = 6.8.0-49-generic
uname -s = Linux
uname -v = #49~22.04.1-Ubuntu SMP PREEMPT_DYNAMIC Wed Nov  6 17:42:15 UTC 2

/usr/bin/uname -p = x86_64
/bin/uname -X     = unknown

/bin/arch              = x86_64
/usr/bin/arch -k       = unknown
/usr/convex/getsysinfo = unknown
/usr/bin/hostinfo      = unknown
/bin/machine           = unknown
/usr/bin/oslevel       = unknown
/bin/universe          = unknown

PATH: /home/vboxuser/.local/bin/
PATH: /usr/local/sbin/
PATH: /usr/local/bin/
PATH: /usr/sbin/
PATH: /usr/bin/
PATH: /sbin/
PATH: /bin/
PATH: /usr/games/
PATH: /usr/local/games/
PATH: /snap/bin/
PATH: /snap/bin/


## ----------- ##
## Core tests. ##
## ----------- ##

configure:2530: looking for aux files: config.guess config.sub ltmain.sh compile ar-lib missing install-sh
configure:2543:  trying ./build-aux/
configure:2572:   ./build-aux/config.guess found
configure:2572:   ./build-aux/config.sub found
configure:2572:   ./build-aux/ltmain.sh found
configure:2572:   ./build-aux/compile found
configure:2572:   ./build-aux/ar-lib found
configure:2572:   ./build-aux/missing found
configure:2554:   ./build-aux/install-sh found
configure:2696: checking whether make supports nested variables
configure:2714: result: yes
configure:2747: checking for a BSD-compatible install
configure:2820: result: /usr/bin/install -c
configure:2831: checking whether build environment is sane
configure:2886: result: yes
configure:3045: checking for a race-free mkdir -p
configure:3089: result: /usr/bin/mkdir -p
configure:3096: checking for gawk
configure:3131: result: no
configure:3096: checking for mawk
configure:3117: found /usr/bin/mawk
configure:3128: result: mawk
configure:3139: checking whether make sets $(MAKE)
configure:3162: result: yes
configure:3329: checking whether make supports the include directive
configure:3344: make -f confmf.GNU && cat confinc.out
this is the am__doit target
configure:3347: $? = 0
configure:3366: result: yes (GNU style)
configure:3442: checking for gcc
configure:3463: found /usr/bin/gcc
configure:3474: result: gcc
configure:3827: checking for C compiler version
configure:3836: gcc --version >&5
gcc (Ubuntu 11.4.0-1ubuntu1~22.04) 11.4.0
Copyright (C) 2021 Free Software Foundation, Inc.
This is free software; see the source for copying conditions.  There is NO
warranty; not even for MERCHANTABILITY or FITNESS FOR A PARTICULAR PURPOSE.

configure:3847: $? = 0
configure:3836: gcc -v >&5
Using built-in specs.
COLLECT_GCC=gcc
COLLECT_LTO_WRAPPER=/usr/lib/gcc/x86_64-linux-gnu/11/lto-wrapper
OFFLOAD_TARGET_NAMES=nvptx-none:amdgcn-amdhsa
OFFLOAD_TARGET_DEFAULT=1
Target: x86_64-linux-gnu
Configured with: ../src/configure -v --with-pkgversion='Ubuntu 11.4.0-1ubuntu1~22.04' --with-bugurl=file:///usr/share/doc/gcc-11/README.Bugs --enable-languages=c,ada,c++,go,brig,d,fortran,objc,obj-c++,m2 --prefix=/usr --with-gcc-major-version-only --program-suffix=-11 --program-prefix=x86_64-linux-gnu- --enable-shared --enable-linker-build-id --libexecdir=/usr/lib --without-included-gettext --enable-threads=posix --libdir=/usr/lib --enable-nls --enable-bootstrap --enable-clocale=gnu --enable-libstdcxx-debug --enable-libstdcxx-time=yes --with-default-libstdcxx-abi=new --enable-gnu-unique-object --disable-vtable-verify --enable-plugin --enable-default-pie --with-system-zlib --enable-libphobos-checking=release --with-target-system-zlib=auto --enable-objc-gc=auto --enable-multiarch --disable-werror --enable-cet --with-arch-32=i686 --with-abi=m64 --with-multilib-list=m32,m64,mx32 --enable-multilib --with-tune=generic --enable-offload-targets=nvptx-none=/build/gcc-11-XeT9lY/gcc-11-11.4.0/debian/tmp-nvptx/usr,amdgcn-amdhsa=/build/gcc-11-XeT9lY/gcc-11-11.4.0/debian/tmp-gcn/usr --without-cuda-driver --enable-checking=release --build=x86_64-linux-gnu --host=x86_64-linux-gnu --target=x86_64-linux-gnu --with-build-config=bootstrap-lto-lean --enable-link-serialization=2
Thread model: posix
Supported LTO compression algorithms: zlib zstd
gcc version 11.4.0 (Ubuntu 11.4.0-1ubuntu1~22.04) 
... rest of stderr output deleted ...
configure:3847: $? = 0
configure:3836: gcc -V >&5
gcc: error: unrecognized command-line option '-V'
gcc: fatal error: no input files
compilation terminated.
configure:3847: $? = 1
configure:3836: gcc -qversion >&5
gcc: error: unrecognized command-line option '-qversion'; did you mean '--version'?
gcc: fatal error: no input files
compilation terminated.
configure:3847: $? = 1
configure:3836: gcc -version >&5
gcc: error: unrecognized command-line option '-version'
gcc: fatal error: no input files
compilation terminated.
configure:3847: $? = 1
configure:3867: checking whether the C compiler works
configure:3889: gcc    conftest.c  >&5
configure:3893: $? = 0
configure:3943: result: yes
configure:3946: checking for C compiler default output file name
configure:3948: result: a.out
configure:3954: checking for suffix of executables
configure:3961: gcc -o conftest    conftest.c  >&5
configure:3965: $? = 0
configure:3988: result: 
configure:4010: checking whether we are cross compiling
configure:4018: gcc -o conftest    conftest.c  >&5
configure:4022: $? = 0
configure:4029: ./conftest
configure:4033: $? = 0
configure:4048: result: no
configure:4053: checking for suffix of object files
configure:4076: gcc -c   conftest.c >&5
configure:4080: $? = 0
configure:4102: result: o
configure:4106: checking whether the compiler supports GNU C
configure:4126: gcc -c   conftest.c >&5
configure:4126: $? = 0
configure:4136: result: yes
configure:4147: checking whether gcc accepts -g
configure:4168: gcc -c -g  conftest.c >&5
configure:4168: $? = 0
configure:4212: result: yes
configure:4232: checking for gcc option to enable C11 features
configure:4247: gcc  -c   conftest.c >&5
configure:4247: $? = 0
configure:4265: result: none needed
configure:4381: checking whether gcc understands -c and -o together
configure:4404: gcc -c conftest.c -o conftest2.o
configure:4407: $? = 0
configure:4404: gcc -c conftest.c -o conftest2.o
configure:4407: $? = 0
configure:4419: result: yes
configure:4438: checking dependency style of gcc
configure:4550: result: gcc3
configure:4621: checking for ar
configure:4642: found /usr/bin/ar
configure:4653: result: ar
configure:4679: checking the archiver (ar) interface
configure:4696: gcc -c   conftest.c >&5
configure:4696: $? = 0
configure:4699: ar cru libconftest.a conftest.o >&5
ar: `u' modifier ignored since `D' is the default (see `U')
configure:4702: $? = 0
configure:4730: result: ar
configure:4804: checking for gcc
configure:4836: result: gcc
configure:5189: checking for C compiler version
configure:5198: gcc --version >&5
gcc (Ubuntu 11.4.0-1ubuntu1~22.04) 11.4.0
Copyright (C) 2021 Free Software Foundation, Inc.
This is free software; see the source for copying conditions.  There is NO
warranty; not even for MERCHANTABILITY or FITNESS FOR A PARTICULAR PURPOSE.

configure:5209: $? = 0
configure:5198: gcc -v >&5
Using built-in specs.
COLLECT_GCC=gcc
COLLECT_LTO_WRAPPER=/usr/lib/gcc/x86_64-linux-gnu/11/lto-wrapper
OFFLOAD_TARGET_NAMES=nvptx-none:amdgcn-amdhsa
OFFLOAD_TARGET_DEFAULT=1
Target: x86_64-linux-gnu
Configured with: ../src/configure -v --with-pkgversion='Ubuntu 11.4.0-1ubuntu1~22.04' --with-bugurl=file:///usr/share/doc/gcc-11/README.Bugs --enable-languages=c,ada,c++,go,brig,d,fortran,objc,obj-c++,m2 --prefix=/usr --with-gcc-major-version-only --program-suffix=-11 --program-prefix=x86_64-linux-gnu- --enable-shared --enable-linker-build-id --libexecdir=/usr/lib --without-included-gettext --enable-threads=posix --libdir=/usr/lib --enable-nls --enable-bootstrap --enable-clocale=gnu --enable-libstdcxx-debug --enable-libstdcxx-time=yes --with-default-libstdcxx-abi=new --enable-gnu-unique-object --disable-vtable-verify --enable-plugin --enable-default-pie --with-system-zlib --enable-libphobos-checking=release --with-target-system-zlib=auto --enable-objc-gc=auto --enable-multiarch --disable-werror --enable-cet --with-arch-32=i686 --with-abi=m64 --with-multilib-list=m32,m64,mx32 --enable-multilib --with-tune=generic --enable-offload-targets=nvptx-none=/build/gcc-11-XeT9lY/gcc-11-11.4.0/debian/tmp-nvptx/usr,amdgcn-amdhsa=/build/gcc-11-XeT9lY/gcc-11-11.4.0/debian/tmp-gcn/usr --without-cuda-driver --enable-checking=release --build=x86_64-linux-gnu --host=x86_64-linux-gnu --target=x86_64-linux-gnu --with-build-config=bootstrap-lto-lean --enable-link-serialization=2
Thread model: posix
Supported LTO compression algorithms: zlib zstd
gcc version 11.4.0 (Ubuntu 11.4.0-1ubuntu1~22.04) 
... rest of stderr output deleted ...
configure:5209: $? = 0
configure:5198: gcc -V >&5
gcc: error: unrecognized command-line option '-V'
gcc: fatal error: no input files
compilation terminated.
configure:5209: $? = 1
configure:5198: gcc -qversion >&5
gcc: error: unrecognized command-line option '-qversion'; did you mean '--version'?
gcc: fatal error: no input files
compilation terminated.
configure:5209: $? = 1
configure:5198: gcc -version >&5
gcc: error: unrecognized command-line option '-version'
gcc: fatal error: no input files
compilation terminated.
configure:5209: $? = 1
configure:5213: checking whether the compiler supports GNU C
configure:5243: result: yes
configure:5254: checking whether gcc accepts -g
configure:5319: result: yes
configure:5339: checking for gcc option to enable C11 features
configure:5372: result: none needed
configure:5488: checking whether gcc understands -c and -o together
configure:5526: result: yes
configure:5545: checking dependency style of gcc
configure:5657: result: gcc3
configure:5678: checking for flex
configure:5699: found /usr/bin/flex
configure:5710: result: flex
configure:5759: checking for lex output file root
configure:5772: flex conftest.l
configure:5776: $? = 0
configure:5784: result: lex.yy
configure:5799: checking for lex library
configure:5824: gcc -o conftest    conftest.c  >&5
configure:5824: $? = 0
configure:5837: result: none needed
configure:5852: checking for library containing yywrap
configure:5882: gcc -o conftest    conftest.c  >&5
/usr/bin/ld: /tmp/ccqS9K5v.o: in function `main':
conftest.c:(.text+0xe): undefined reference to `yywrap'
collect2: error: ld returned 1 exit status
configure:5882: $? = 1
configure: failed program was:
| /* confdefs.h */
| #define PACKAGE_NAME "yara"
| #define PACKAGE_TARNAME "yara"
| #define PACKAGE_VERSION "4.5.2"
| #define PACKAGE_STRING "yara 4.5.2"
| #define PACKAGE_BUGREPORT "vmalvarez@virustotal.com"
| #define PACKAGE_URL ""
| #define PACKAGE "yara"
| #define VERSION "4.5.2"
| /* end confdefs.h.  */
| 
| /* Override any GCC internal prototype to avoid an error.
|    Use char because int might match the return type of a GCC
|    builtin and then its argument prototype would still apply.  */
| char yywrap ();
| int
| main (void)
| {
| return yywrap ();
|   ;
|   return 0;
| }
configure:5882: gcc -o conftest    conftest.c -lfl   >&5
/usr/bin/ld: /usr/lib/gcc/x86_64-linux-gnu/11/../../../x86_64-linux-gnu/libfl.so: undefined reference to `yylex'
collect2: error: ld returned 1 exit status
configure:5882: $? = 1
configure: failed program was:
| /* confdefs.h */
| #define PACKAGE_NAME "yara"
| #define PACKAGE_TARNAME "yara"
| #define PACKAGE_VERSION "4.5.2"
| #define PACKAGE_STRING "yara 4.5.2"
| #define PACKAGE_BUGREPORT "vmalvarez@virustotal.com"
| #define PACKAGE_URL ""
| #define PACKAGE "yara"
| #define VERSION "4.5.2"
| /* end confdefs.h.  */
| 
| /* Override any GCC internal prototype to avoid an error.
|    Use char because int might match the return type of a GCC
|    builtin and then its argument prototype would still apply.  */
| char yywrap ();
| int
| main (void)
| {
| return yywrap ();
|   ;
|   return 0;
| }
configure:5882: gcc -o conftest    conftest.c -ll   >&5
configure:5882: $? = 0
configure:5902: result: -ll
configure:5918: checking whether yytext is a pointer
configure:5934: gcc -c   conftest.c >&5
configure:5934: $? = 0
configure:5941: result: yes
configure:5960: checking for bison
configure:5981: found /usr/bin/bison
configure:5992: result: bison -y
configure:6008: checking for inline
configure:6025: gcc -c   conftest.c >&5
configure:6025: $? = 0
configure:6034: result: inline
configure:6057: checking for stdio.h
configure:6057: gcc -c   conftest.c >&5
configure:6057: $? = 0
configure:6057: result: yes
configure:6057: checking for stdlib.h
configure:6057: gcc -c   conftest.c >&5
configure:6057: $? = 0
configure:6057: result: yes
configure:6057: checking for string.h
configure:6057: gcc -c   conftest.c >&5
configure:6057: $? = 0
configure:6057: result: yes
configure:6057: checking for inttypes.h
configure:6057: gcc -c   conftest.c >&5
configure:6057: $? = 0
configure:6057: result: yes
configure:6057: checking for stdint.h
configure:6057: gcc -c   conftest.c >&5
configure:6057: $? = 0
configure:6057: result: yes
configure:6057: checking for strings.h
configure:6057: gcc -c   conftest.c >&5
configure:6057: $? = 0
configure:6057: result: yes
configure:6057: checking for sys/stat.h
configure:6057: gcc -c   conftest.c >&5
configure:6057: $? = 0
configure:6057: result: yes
configure:6057: checking for sys/types.h
configure:6057: gcc -c   conftest.c >&5
configure:6057: $? = 0
configure:6057: result: yes
configure:6057: checking for unistd.h
configure:6057: gcc -c   conftest.c >&5
configure:6057: $? = 0
configure:6057: result: yes
configure:6082: checking whether byte ordering is bigendian
configure:6098: gcc -c   conftest.c >&5
conftest.c:23:16: error: unknown type name 'not'
   23 |                not a universal capable compiler
      |                ^~~
conftest.c:23:22: error: expected '=', ',', ';', 'asm' or '__attribute__' before 'universal'
   23 |                not a universal capable compiler
      |                      ^~~~~~~~~
conftest.c:23:22: error: unknown type name 'universal'
configure:6098: $? = 1
configure: failed program was:
| /* confdefs.h */
| #define PACKAGE_NAME "yara"
| #define PACKAGE_TARNAME "yara"
| #define PACKAGE_VERSION "4.5.2"
| #define PACKAGE_STRING "yara 4.5.2"
| #define PACKAGE_BUGREPORT "vmalvarez@virustotal.com"
| #define PACKAGE_URL ""
| #define PACKAGE "yara"
| #define VERSION "4.5.2"
| #define YYTEXT_POINTER 1
| #define HAVE_STDIO_H 1
| #define HAVE_STDLIB_H 1
| #define HAVE_STRING_H 1
| #define HAVE_INTTYPES_H 1
| #define HAVE_STDINT_H 1
| #define HAVE_STRINGS_H 1
| #define HAVE_SYS_STAT_H 1
| #define HAVE_SYS_TYPES_H 1
| #define HAVE_UNISTD_H 1
| #define STDC_HEADERS 1
| /* end confdefs.h.  */
| #ifndef __APPLE_CC__
| 	       not a universal capable compiler
| 	     #endif
| 	     typedef int dummy;
| 
configure:6144: gcc -c   conftest.c >&5
configure:6144: $? = 0
configure:6163: gcc -c   conftest.c >&5
conftest.c: In function 'main':
conftest.c:29:18: error: unknown type name 'not'; did you mean 'ino_t'?
   29 |                  not big endian
      |                  ^~~
      |                  ino_t
conftest.c:29:26: error: expected '=', ',', ';', 'asm' or '__attribute__' before 'endian'
   29 |                  not big endian
      |                          ^~~~~~
configure:6163: $? = 1
configure: failed program was:
| /* confdefs.h */
| #define PACKAGE_NAME "yara"
| #define PACKAGE_TARNAME "yara"
| #define PACKAGE_VERSION "4.5.2"
| #define PACKAGE_STRING "yara 4.5.2"
| #define PACKAGE_BUGREPORT "vmalvarez@virustotal.com"
| #define PACKAGE_URL ""
| #define PACKAGE "yara"
| #define VERSION "4.5.2"
| #define YYTEXT_POINTER 1
| #define HAVE_STDIO_H 1
| #define HAVE_STDLIB_H 1
| #define HAVE_STRING_H 1
| #define HAVE_INTTYPES_H 1
| #define HAVE_STDINT_H 1
| #define HAVE_STRINGS_H 1
| #define HAVE_SYS_STAT_H 1
| #define HAVE_SYS_TYPES_H 1
| #define HAVE_UNISTD_H 1
| #define STDC_HEADERS 1
| /* end confdefs.h.  */
| #include <sys/types.h>
| 		#include <sys/param.h>
| 
| int
| main (void)
| {
| #if BYTE_ORDER != BIG_ENDIAN
| 		 not big endian
| 		#endif
| 
|   ;
|   return 0;
| }
configure:6297: result: no
configure:6348: checking build system type
configure:6363: result: x86_64-pc-linux-gnu
configure:6383: checking host system type
configure:6397: result: x86_64-pc-linux-gnu
configure:6438: checking how to print strings
configure:6465: result: printf
configure:6486: checking for a sed that does not truncate output
configure:6556: result: /usr/bin/sed
configure:6574: checking for grep that handles long lines and -e
configure:6638: result: /usr/bin/grep
configure:6643: checking for egrep
configure:6711: result: /usr/bin/grep -E
configure:6716: checking for fgrep
configure:6784: result: /usr/bin/grep -F
configure:6820: checking for ld used by gcc
configure:6888: result: /usr/bin/ld
configure:6895: checking if the linker (/usr/bin/ld) is GNU ld
configure:6911: result: yes
configure:6923: checking for BSD- or MS-compatible name lister (nm)
configure:6978: result: /usr/bin/nm -B
configure:7118: checking the name lister (/usr/bin/nm -B) interface
configure:7126: gcc -c   conftest.c >&5
configure:7129: /usr/bin/nm -B "conftest.o"
configure:7132: output
0000000000000000 B some_variable
configure:7139: result: BSD nm
configure:7142: checking whether ln -s works
configure:7146: result: yes
configure:7154: checking the maximum length of command line arguments
configure:7286: result: 1572864
configure:7334: checking how to convert x86_64-pc-linux-gnu file names to x86_64-pc-linux-gnu format
configure:7375: result: func_convert_file_noop
configure:7382: checking how to convert x86_64-pc-linux-gnu file names to toolchain format
configure:7403: result: func_convert_file_noop
configure:7410: checking for /usr/bin/ld option to reload object files
configure:7418: result: -r
configure:7497: checking for objdump
configure:7518: found /usr/bin/objdump
configure:7529: result: objdump
configure:7561: checking how to recognize dependent libraries
configure:7762: result: pass_all
configure:7852: checking for dlltool
configure:7887: result: no
configure:7917: checking how to associate runtime and link libraries
configure:7945: result: printf %s\n
configure:8079: checking for archiver @FILE support
configure:8097: gcc -c   conftest.c >&5
configure:8097: $? = 0
configure:8101: ar cr libconftest.a @conftest.lst >&5
configure:8104: $? = 0
configure:8109: ar cr libconftest.a @conftest.lst >&5
ar: conftest.o: No such file or directory
configure:8112: $? = 1
configure:8124: result: @
configure:8187: checking for strip
configure:8208: found /usr/bin/strip
configure:8219: result: strip
configure:8296: checking for ranlib
configure:8317: found /usr/bin/ranlib
configure:8328: result: ranlib
configure:8430: checking command to parse /usr/bin/nm -B output from gcc object
configure:8584: gcc -c   conftest.c >&5
configure:8587: $? = 0
configure:8591: /usr/bin/nm -B conftest.o | sed -n -e 's/^.*[	 ]\([ABCDGIRSTW][ABCDGIRSTW]*\)[	 ][	 ]*\([_A-Za-z][_A-Za-z0-9]*\)$/\1 \2 \2/p' | sed '/ __gnu_lto/d' > conftest.nm
configure:8657: gcc -o conftest    conftest.c conftstm.o >&5
configure:8660: $? = 0
configure:8698: result: ok
configure:8745: checking for sysroot
configure:8776: result: no
configure:8783: checking for a working dd
configure:8827: result: /usr/bin/dd
configure:8831: checking how to truncate binary pipes
configure:8847: result: /usr/bin/dd bs=4096 count=1
configure:8984: gcc -c   conftest.c >&5
configure:8987: $? = 0
configure:9184: checking for mt
configure:9205: found /usr/bin/mt
configure:9216: result: mt
configure:9239: checking if mt is a manifest tool
configure:9246: mt '-?'
configure:9254: result: no
configure:9980: checking for dlfcn.h
configure:9980: gcc -c   conftest.c >&5
configure:9980: $? = 0
configure:9980: result: yes
configure:10239: checking for objdir
configure:10255: result: .libs
configure:10519: checking if gcc supports -fno-rtti -fno-exceptions
configure:10538: gcc -c   -fno-rtti -fno-exceptions conftest.c >&5
cc1: warning: command-line option '-fno-rtti' is valid for C++/D/ObjC++ but not for C
configure:10542: $? = 0
configure:10555: result: no
configure:10919: checking for gcc option to produce PIC
configure:10927: result: -fPIC -DPIC
configure:10935: checking if gcc PIC flag -fPIC -DPIC works
configure:10954: gcc -c   -fPIC -DPIC -DPIC conftest.c >&5
configure:10958: $? = 0
configure:10971: result: yes
configure:11000: checking if gcc static flag -static works
configure:11029: result: yes
configure:11044: checking if gcc supports -c -o file.o
configure:11066: gcc -c   -o out/conftest2.o conftest.c >&5
configure:11070: $? = 0
configure:11092: result: yes
configure:11100: checking if gcc supports -c -o file.o
configure:11148: result: yes
configure:11181: checking whether the gcc linker (/usr/bin/ld -m elf_x86_64) supports shared libraries
configure:12451: result: yes
configure:12488: checking whether -lc should be explicitly linked in
configure:12497: gcc -c   conftest.c >&5
configure:12500: $? = 0
configure:12515: gcc -shared  -fPIC -DPIC conftest.o  -v -Wl,-soname -Wl,conftest -o conftest 2\>\&1 \| /usr/bin/grep  -lc  \>/dev/null 2\>\&1
configure:12518: $? = 0
configure:12532: result: no
configure:12692: checking dynamic linker characteristics
configure:13274: gcc -o conftest    -Wl,-rpath -Wl,/foo conftest.c  >&5
configure:13274: $? = 0
configure:13525: result: GNU/Linux ld.so
configure:13647: checking how to hardcode library paths into programs
configure:13672: result: immediate
configure:14224: checking whether stripping libraries is possible
configure:14229: result: yes
configure:14264: checking if libtool supports shared libraries
configure:14266: result: yes
configure:14269: checking whether to build shared libraries
configure:14294: result: yes
configure:14297: checking whether to build static libraries
configure:14301: result: yes
configure:14599: checking for the pthreads library -lpthreads
configure:14632: gcc -o conftest  -DUSE_LINUX_PROC    conftest.c -lpthreads  >&5
conftest.c: In function 'main':
conftest.c:29:22: warning: argument 1 null where non-null expected [-Wnonnull]
   29 |                      pthread_attr_init(0); pthread_cleanup_push(0, 0);
      |                      ^~~~~~~~~~~~~~~~~
In file included from conftest.c:24:
/usr/include/pthread.h:285:12: note: in a call to function 'pthread_attr_init' declared 'nonnull'
  285 | extern int pthread_attr_init (pthread_attr_t *__attr) __THROW __nonnull ((1));
      |            ^~~~~~~~~~~~~~~~~
conftest.c:30:22: warning: argument 1 null where non-null expected [-Wnonnull]
   30 |                      pthread_create(0,0,0,0); pthread_cleanup_pop(0);
      |                      ^~~~~~~~~~~~~~
In file included from conftest.c:24:
/usr/include/pthread.h:202:12: note: in a call to function 'pthread_create' declared 'nonnull'
  202 | extern int pthread_create (pthread_t *__restrict __newthread,
      |            ^~~~~~~~~~~~~~
conftest.c:30:22: warning: argument 3 null where non-null expected [-Wnonnull]
   30 |                      pthread_create(0,0,0,0); pthread_cleanup_pop(0);
      |                      ^~~~~~~~~~~~~~
In file included from conftest.c:24:
/usr/include/pthread.h:202:12: note: in a call to function 'pthread_create' declared 'nonnull'
  202 | extern int pthread_create (pthread_t *__restrict __newthread,
      |            ^~~~~~~~~~~~~~
/usr/bin/ld: cannot find -lpthreads: No such file or directory
collect2: error: ld returned 1 exit status
configure:14632: $? = 1
configure: failed program was:
| /* confdefs.h */
| #define PACKAGE_NAME "yara"
| #define PACKAGE_TARNAME "yara"
| #define PACKAGE_VERSION "4.5.2"
| #define PACKAGE_STRING "yara 4.5.2"
| #define PACKAGE_BUGREPORT "vmalvarez@virustotal.com"
| #define PACKAGE_URL ""
| #define PACKAGE "yara"
| #define VERSION "4.5.2"
| #define YYTEXT_POINTER 1
| #define HAVE_STDIO_H 1
| #define HAVE_STDLIB_H 1
| #define HAVE_STRING_H 1
| #define HAVE_INTTYPES_H 1
| #define HAVE_STDINT_H 1
| #define HAVE_STRINGS_H 1
| #define HAVE_SYS_STAT_H 1
| #define HAVE_SYS_TYPES_H 1
| #define HAVE_UNISTD_H 1
| #define STDC_HEADERS 1
| #define HAVE_DLFCN_H 1
| #define LT_OBJDIR ".libs/"
| /* end confdefs.h.  */
| #include <pthread.h>
| int
| main (void)
| {
| pthread_t th; pthread_join(th, 0);
|                      pthread_attr_init(0); pthread_cleanup_push(0, 0);
|                      pthread_create(0,0,0,0); pthread_cleanup_pop(0);
|   ;
|   return 0;
| }
configure:14642: result: no
configure:14539: checking whether pthreads work without any flags
configure:14632: gcc -o conftest  -DUSE_LINUX_PROC    conftest.c   >&5
conftest.c: In function 'main':
conftest.c:29:22: warning: argument 1 null where non-null expected [-Wnonnull]
   29 |                      pthread_attr_init(0); pthread_cleanup_push(0, 0);
      |                      ^~~~~~~~~~~~~~~~~
In file included from conftest.c:24:
/usr/include/pthread.h:285:12: note: in a call to function 'pthread_attr_init' declared 'nonnull'
  285 | extern int pthread_attr_init (pthread_attr_t *__attr) __THROW __nonnull ((1));
      |            ^~~~~~~~~~~~~~~~~
conftest.c:30:22: warning: argument 1 null where non-null expected [-Wnonnull]
   30 |                      pthread_create(0,0,0,0); pthread_cleanup_pop(0);
      |                      ^~~~~~~~~~~~~~
In file included from conftest.c:24:
/usr/include/pthread.h:202:12: note: in a call to function 'pthread_create' declared 'nonnull'
  202 | extern int pthread_create (pthread_t *__restrict __newthread,
      |            ^~~~~~~~~~~~~~
conftest.c:30:22: warning: argument 3 null where non-null expected [-Wnonnull]
   30 |                      pthread_create(0,0,0,0); pthread_cleanup_pop(0);
      |                      ^~~~~~~~~~~~~~
In file included from conftest.c:24:
/usr/include/pthread.h:202:12: note: in a call to function 'pthread_create' declared 'nonnull'
  202 | extern int pthread_create (pthread_t *__restrict __newthread,
      |            ^~~~~~~~~~~~~~
configure:14632: $? = 0
configure:14642: result: yes
configure:14661: checking for joinable pthread attribute
configure:14676: gcc -o conftest  -DUSE_LINUX_PROC    conftest.c   >&5
configure:14676: $? = 0
configure:14683: result: PTHREAD_CREATE_JOINABLE
configure:14691: checking if more special flags are required for pthreads
configure:14698: result: no
configure:14792: checking whether to check for GCC pthread/shared inconsistencies
configure:14805: gcc -o conftest -shared -fPIC -Wl,-z,defs  -DUSE_LINUX_PROC    conftest.c   >&5
configure:14805: $? = 0
configure:14818: result: yes
configure:14824: checking whether -pthread is sufficient with -shared
configure:14839: gcc -o conftest -shared -fPIC -Wl,-z,defs  -DUSE_LINUX_PROC    conftest.c   >&5
conftest.c: In function 'main':
conftest.c:29:11: warning: argument 1 null where non-null expected [-Wnonnull]
   29 |           pthread_attr_init(0); pthread_cleanup_push(0, 0);
      |           ^~~~~~~~~~~~~~~~~
In file included from conftest.c:24:
/usr/include/pthread.h:285:12: note: in a call to function 'pthread_attr_init' declared 'nonnull'
  285 | extern int pthread_attr_init (pthread_attr_t *__attr) __THROW __nonnull ((1));
      |            ^~~~~~~~~~~~~~~~~
conftest.c:30:11: warning: argument 1 null where non-null expected [-Wnonnull]
   30 |           pthread_create(0,0,0,0); pthread_cleanup_pop(0);
      |           ^~~~~~~~~~~~~~
In file included from conftest.c:24:
/usr/include/pthread.h:202:12: note: in a call to function 'pthread_create' declared 'nonnull'
  202 | extern int pthread_create (pthread_t *__restrict __newthread,
      |            ^~~~~~~~~~~~~~
conftest.c:30:11: warning: argument 3 null where non-null expected [-Wnonnull]
   30 |           pthread_create(0,0,0,0); pthread_cleanup_pop(0);
      |           ^~~~~~~~~~~~~~
In file included from conftest.c:24:
/usr/include/pthread.h:202:12: note: in a call to function 'pthread_create' declared 'nonnull'
  202 | extern int pthread_create (pthread_t *__restrict __newthread,
      |            ^~~~~~~~~~~~~~
configure:14839: $? = 0
configure:14847: result: yes
configure:14966: checking for isnan in -lm
configure:14989: gcc -o conftest  -DUSE_LINUX_PROC    conftest.c -lm    >&5
conftest.c:28:6: warning: conflicting types for built-in function 'isnan'; expected 'int()' [-Wbuiltin-declaration-mismatch]
   28 | char isnan ();
      |      ^~~~~
conftest.c:1:1: note: 'isnan' is declared in header '<math.h>'
    1 | /* confdefs.h */
configure:14989: $? = 0
configure:14999: result: yes
configure:15009: checking for log2 in -lm
configure:15032: gcc -o conftest  -DUSE_LINUX_PROC    conftest.c -lm  -lm   >&5
conftest.c:29:6: warning: conflicting types for built-in function 'log2'; expected 'double(double)' [-Wbuiltin-declaration-mismatch]
   29 | char log2 ();
      |      ^~~~
conftest.c:1:1: note: 'log2' is declared in header '<math.h>'
    1 | /* confdefs.h */
configure:15032: $? = 0
configure:15042: result: yes
configure:15056: checking for strlcpy
configure:15056: gcc -o conftest  -DUSE_LINUX_PROC    conftest.c -lm -lm   >&5
/usr/bin/ld: /tmp/cc0OIuXO.o: in function `main':
conftest.c:(.text+0xe): undefined reference to `strlcpy'
collect2: error: ld returned 1 exit status
configure:15056: $? = 1
configure: failed program was:
| /* confdefs.h */
| #define PACKAGE_NAME "yara"
| #define PACKAGE_TARNAME "yara"
| #define PACKAGE_VERSION "4.5.2"
| #define PACKAGE_STRING "yara 4.5.2"
| #define PACKAGE_BUGREPORT "vmalvarez@virustotal.com"
| #define PACKAGE_URL ""
| #define PACKAGE "yara"
| #define VERSION "4.5.2"
| #define YYTEXT_POINTER 1
| #define HAVE_STDIO_H 1
| #define HAVE_STDLIB_H 1
| #define HAVE_STRING_H 1
| #define HAVE_INTTYPES_H 1
| #define HAVE_STDINT_H 1
| #define HAVE_STRINGS_H 1
| #define HAVE_SYS_STAT_H 1
| #define HAVE_SYS_TYPES_H 1
| #define HAVE_UNISTD_H 1
| #define STDC_HEADERS 1
| #define HAVE_DLFCN_H 1
| #define LT_OBJDIR ".libs/"
| #define HAVE_LIBM 1
| #define HAVE_LIBM 1
| /* end confdefs.h.  */
| /* Define strlcpy to an innocuous variant, in case <limits.h> declares strlcpy.
|    For example, HP-UX 11i <limits.h> declares gettimeofday.  */
| #define strlcpy innocuous_strlcpy
| 
| /* System header to define __stub macros and hopefully few prototypes,
|    which can conflict with char strlcpy (); below.  */
| 
| #include <limits.h>
| #undef strlcpy
| 
| /* Override any GCC internal prototype to avoid an error.
|    Use char because int might match the return type of a GCC
|    builtin and then its argument prototype would still apply.  */
| #ifdef __cplusplus
| extern "C"
| #endif
| char strlcpy ();
| /* The GNU C library defines this for functions which it implements
|     to always fail with ENOSYS.  Some functions are actually named
|     something starting with __ and the normal name is an alias.  */
| #if defined __stub_strlcpy || defined __stub___strlcpy
| choke me
| #endif
| 
| int
| main (void)
| {
| return strlcpy ();
|   ;
|   return 0;
| }
configure:15056: result: no
configure:15062: checking for strlcat
configure:15062: gcc -o conftest  -DUSE_LINUX_PROC    conftest.c -lm -lm   >&5
/usr/bin/ld: /tmp/ccif9LiO.o: in function `main':
conftest.c:(.text+0xe): undefined reference to `strlcat'
collect2: error: ld returned 1 exit status
configure:15062: $? = 1
configure: failed program was:
| /* confdefs.h */
| #define PACKAGE_NAME "yara"
| #define PACKAGE_TARNAME "yara"
| #define PACKAGE_VERSION "4.5.2"
| #define PACKAGE_STRING "yara 4.5.2"
| #define PACKAGE_BUGREPORT "vmalvarez@virustotal.com"
| #define PACKAGE_URL ""
| #define PACKAGE "yara"
| #define VERSION "4.5.2"
| #define YYTEXT_POINTER 1
| #define HAVE_STDIO_H 1
| #define HAVE_STDLIB_H 1
| #define HAVE_STRING_H 1
| #define HAVE_INTTYPES_H 1
| #define HAVE_STDINT_H 1
| #define HAVE_STRINGS_H 1
| #define HAVE_SYS_STAT_H 1
| #define HAVE_SYS_TYPES_H 1
| #define HAVE_UNISTD_H 1
| #define STDC_HEADERS 1
| #define HAVE_DLFCN_H 1
| #define LT_OBJDIR ".libs/"
| #define HAVE_LIBM 1
| #define HAVE_LIBM 1
| /* end confdefs.h.  */
| /* Define strlcat to an innocuous variant, in case <limits.h> declares strlcat.
|    For example, HP-UX 11i <limits.h> declares gettimeofday.  */
| #define strlcat innocuous_strlcat
| 
| /* System header to define __stub macros and hopefully few prototypes,
|    which can conflict with char strlcat (); below.  */
| 
| #include <limits.h>
| #undef strlcat
| 
| /* Override any GCC internal prototype to avoid an error.
|    Use char because int might match the return type of a GCC
|    builtin and then its argument prototype would still apply.  */
| #ifdef __cplusplus
| extern "C"
| #endif
| char strlcat ();
| /* The GNU C library defines this for functions which it implements
|     to always fail with ENOSYS.  Some functions are actually named
|     something starting with __ and the normal name is an alias.  */
| #if defined __stub_strlcat || defined __stub___strlcat
| choke me
| #endif
| 
| int
| main (void)
| {
| return strlcat ();
|   ;
|   return 0;
| }
configure:15062: result: no
configure:15068: checking for memmem
configure:15068: gcc -o conftest  -DUSE_LINUX_PROC    conftest.c -lm -lm   >&5
configure:15068: $? = 0
configure:15068: result: yes
configure:15074: checking for timegm
configure:15074: gcc -o conftest  -DUSE_LINUX_PROC    conftest.c -lm -lm   >&5
configure:15074: $? = 0
configure:15074: result: yes
configure:15080: checking for _mkgmtime
configure:15080: gcc -o conftest  -DUSE_LINUX_PROC    conftest.c -lm -lm   >&5
/usr/bin/ld: /tmp/ccKjIi0u.o: in function `main':
conftest.c:(.text+0xe): undefined reference to `_mkgmtime'
collect2: error: ld returned 1 exit status
configure:15080: $? = 1
configure: failed program was:
| /* confdefs.h */
| #define PACKAGE_NAME "yara"
| #define PACKAGE_TARNAME "yara"
| #define PACKAGE_VERSION "4.5.2"
| #define PACKAGE_STRING "yara 4.5.2"
| #define PACKAGE_BUGREPORT "vmalvarez@virustotal.com"
| #define PACKAGE_URL ""
| #define PACKAGE "yara"
| #define VERSION "4.5.2"
| #define YYTEXT_POINTER 1
| #define HAVE_STDIO_H 1
| #define HAVE_STDLIB_H 1
| #define HAVE_STRING_H 1
| #define HAVE_INTTYPES_H 1
| #define HAVE_STDINT_H 1
| #define HAVE_STRINGS_H 1
| #define HAVE_SYS_STAT_H 1
| #define HAVE_SYS_TYPES_H 1
| #define HAVE_UNISTD_H 1
| #define STDC_HEADERS 1
| #define HAVE_DLFCN_H 1
| #define LT_OBJDIR ".libs/"
| #define HAVE_LIBM 1
| #define HAVE_LIBM 1
| #define HAVE_MEMMEM 1
| #define HAVE_TIMEGM 1
| /* end confdefs.h.  */
| /* Define _mkgmtime to an innocuous variant, in case <limits.h> declares _mkgmtime.
|    For example, HP-UX 11i <limits.h> declares gettimeofday.  */
| #define _mkgmtime innocuous__mkgmtime
| 
| /* System header to define __stub macros and hopefully few prototypes,
|    which can conflict with char _mkgmtime (); below.  */
| 
| #include <limits.h>
| #undef _mkgmtime
| 
| /* Override any GCC internal prototype to avoid an error.
|    Use char because int might match the return type of a GCC
|    builtin and then its argument prototype would still apply.  */
| #ifdef __cplusplus
| extern "C"
| #endif
| char _mkgmtime ();
| /* The GNU C library defines this for functions which it implements
|     to always fail with ENOSYS.  Some functions are actually named
|     something starting with __ and the normal name is an alias.  */
| #if defined __stub__mkgmtime || defined __stub____mkgmtime
| choke me
| #endif
| 
| int
| main (void)
| {
| return _mkgmtime ();
|   ;
|   return 0;
| }
configure:15080: result: no
configure:15086: checking for clock_gettime
configure:15086: gcc -o conftest  -DUSE_LINUX_PROC    conftest.c -lm -lm   >&5
configure:15086: $? = 0
configure:15086: result: yes
configure:15093: checking for stdbool.h
configure:15093: gcc -c  -DUSE_LINUX_PROC   conftest.c >&5
configure:15093: $? = 0
configure:15093: result: yes
configure:15397: checking for pkg-config
configure:15420: found /usr/bin/pkg-config
configure:15432: result: /usr/bin/pkg-config
configure:15457: checking pkg-config is at least version 0.9.0
configure:15460: result: yes
configure:15883: checking for openssl/evp.h
configure:15883: gcc -c  -DUSE_LINUX_PROC  -DDOTNET_MODULE  conftest.c >&5
configure:15883: $? = 0
configure:15883: result: yes
configure:15895: checking for openssl/asn1.h
configure:15895: gcc -c  -DUSE_LINUX_PROC  -DDOTNET_MODULE  conftest.c >&5
configure:15895: $? = 0
configure:15895: result: yes
configure:15907: checking for openssl/crypto.h
configure:15907: gcc -c  -DUSE_LINUX_PROC  -DDOTNET_MODULE  conftest.c >&5
configure:15907: $? = 0
configure:15907: result: yes
configure:15919: checking for openssl/bio.h
configure:15919: gcc -c  -DUSE_LINUX_PROC  -DDOTNET_MODULE  conftest.c >&5
configure:15919: $? = 0
configure:15919: result: yes
configure:15931: checking for openssl/pkcs7.h
configure:15931: gcc -c  -DUSE_LINUX_PROC  -DDOTNET_MODULE  conftest.c >&5
configure:15931: $? = 0
configure:15931: result: yes
configure:15943: checking for openssl/x509.h
configure:15943: gcc -c  -DUSE_LINUX_PROC  -DDOTNET_MODULE  conftest.c >&5
configure:15943: $? = 0
configure:15943: result: yes
configure:15955: checking for openssl/safestack.h
configure:15955: gcc -c  -DUSE_LINUX_PROC  -DDOTNET_MODULE  conftest.c >&5
configure:15955: $? = 0
configure:15955: result: yes
configure:15965: checking for EVP_DigestInit in -lcrypto
configure:15988: gcc -o conftest  -DUSE_LINUX_PROC  -DDOTNET_MODULE   conftest.c -lcrypto  -lm -lm   >&5
configure:15988: $? = 0
configure:15998: result: yes
configure:16010: checking for EVP_DigestUpdate in -lcrypto
configure:16033: gcc -o conftest  -DUSE_LINUX_PROC  -DDOTNET_MODULE   conftest.c -lcrypto  -lcrypto -lm -lm   >&5
configure:16033: $? = 0
configure:16043: result: yes
configure:16055: checking for EVP_DigestFinal in -lcrypto
configure:16078: gcc -o conftest  -DUSE_LINUX_PROC  -DDOTNET_MODULE   conftest.c -lcrypto  -lcrypto -lcrypto -lm -lm   >&5
configure:16078: $? = 0
configure:16088: result: yes
configure:16100: checking for EVP_md5 in -lcrypto
configure:16123: gcc -o conftest  -DUSE_LINUX_PROC  -DDOTNET_MODULE   conftest.c -lcrypto  -lcrypto -lcrypto -lcrypto -lm -lm   >&5
configure:16123: $? = 0
configure:16133: result: yes
configure:16145: checking for EVP_sha1 in -lcrypto
configure:16168: gcc -o conftest  -DUSE_LINUX_PROC  -DDOTNET_MODULE   conftest.c -lcrypto  -lcrypto -lcrypto -lcrypto -lcrypto -lm -lm   >&5
configure:16168: $? = 0
configure:16178: result: yes
configure:16190: checking for EVP_sha256 in -lcrypto
configure:16213: gcc -o conftest  -DUSE_LINUX_PROC  -DDOTNET_MODULE   conftest.c -lcrypto  -lcrypto -lcrypto -lcrypto -lcrypto -lcrypto -lm -lm   >&5
configure:16213: $? = 0
configure:16223: result: yes
configure:16703: checking that generated files are newer than configure
configure:16709: result: done
configure:16837: creating ./config.status

## ---------------------- ##
## Running config.status. ##
## ---------------------- ##

This file was extended by yara config.status 4.5.2, which was
generated by GNU Autoconf 2.71.  Invocation command line was

  CONFIG_FILES    = 
  CONFIG_HEADERS  = 
  CONFIG_LINKS    = 
  CONFIG_COMMANDS = 
  $ ./config.status 

on ubuntu

config.status:1072: creating Makefile
config.status:1072: creating yara.pc
config.status:1244: executing depfiles commands
config.status:1321: cd .       && sed -e '/# am--include-marker/d' Makefile         | make -f - am--depfiles
make: Nothing to be done for 'am--depfiles'.
config.status:1326: $? = 0
config.status:1244: executing libtool commands

## ---------------- ##
## Cache variables. ##
## ---------------- ##

ac_cv_build=x86_64-pc-linux-gnu
ac_cv_c_bigendian=no
ac_cv_c_compiler_gnu=yes
ac_cv_c_inline=inline
ac_cv_env_CC_set=
ac_cv_env_CC_value=
ac_cv_env_CFLAGS_set=
ac_cv_env_CFLAGS_value=
ac_cv_env_CPPFLAGS_set=
ac_cv_env_CPPFLAGS_value=
ac_cv_env_LDFLAGS_set=
ac_cv_env_LDFLAGS_value=
ac_cv_env_LIBS_set=
ac_cv_env_LIBS_value=
ac_cv_env_LT_SYS_LIBRARY_PATH_set=
ac_cv_env_LT_SYS_LIBRARY_PATH_value=
ac_cv_env_PKG_CONFIG_LIBDIR_set=
ac_cv_env_PKG_CONFIG_LIBDIR_value=
ac_cv_env_PKG_CONFIG_PATH_set=
ac_cv_env_PKG_CONFIG_PATH_value=
ac_cv_env_PKG_CONFIG_set=
ac_cv_env_PKG_CONFIG_value=
ac_cv_env_PROTOBUF_C_CFLAGS_set=
ac_cv_env_PROTOBUF_C_CFLAGS_value=
ac_cv_env_PROTOBUF_C_LIBS_set=
ac_cv_env_PROTOBUF_C_LIBS_value=
ac_cv_env_YACC_set=
ac_cv_env_YACC_value=
ac_cv_env_YFLAGS_set=
ac_cv_env_YFLAGS_value=
ac_cv_env_build_alias_set=
ac_cv_env_build_alias_value=
ac_cv_env_host_alias_set=
ac_cv_env_host_alias_value=
ac_cv_env_target_alias_set=
ac_cv_env_target_alias_value=
ac_cv_func__mkgmtime=no
ac_cv_func_clock_gettime=yes
ac_cv_func_memmem=yes
ac_cv_func_strlcat=no
ac_cv_func_strlcpy=no
ac_cv_func_timegm=yes
ac_cv_header_dlfcn_h=yes
ac_cv_header_inttypes_h=yes
ac_cv_header_openssl_asn1_h=yes
ac_cv_header_openssl_bio_h=yes
ac_cv_header_openssl_crypto_h=yes
ac_cv_header_openssl_evp_h=yes
ac_cv_header_openssl_pkcs7_h=yes
ac_cv_header_openssl_safestack_h=yes
ac_cv_header_openssl_x509_h=yes
ac_cv_header_stdbool_h=yes
ac_cv_header_stdint_h=yes
ac_cv_header_stdio_h=yes
ac_cv_header_stdlib_h=yes
ac_cv_header_string_h=yes
ac_cv_header_strings_h=yes
ac_cv_header_sys_stat_h=yes
ac_cv_header_sys_types_h=yes
ac_cv_header_unistd_h=yes
ac_cv_host=x86_64-pc-linux-gnu
ac_cv_lib_crypto_EVP_DigestFinal=yes
ac_cv_lib_crypto_EVP_DigestInit=yes
ac_cv_lib_crypto_EVP_DigestUpdate=yes
ac_cv_lib_crypto_EVP_md5=yes
ac_cv_lib_crypto_EVP_sha1=yes
ac_cv_lib_crypto_EVP_sha256=yes
ac_cv_lib_lex='none needed'
ac_cv_lib_m_isnan=yes
ac_cv_lib_m_log2=yes
ac_cv_objext=o
ac_cv_path_EGREP='/usr/bin/grep -E'
ac_cv_path_FGREP='/usr/bin/grep -F'
ac_cv_path_GREP=/usr/bin/grep
ac_cv_path_SED=/usr/bin/sed
ac_cv_path_ac_pt_PKG_CONFIG=/usr/bin/pkg-config
ac_cv_path_install='/usr/bin/install -c'
ac_cv_path_lt_DD=/usr/bin/dd
ac_cv_path_mkdir=/usr/bin/mkdir
ac_cv_prog_AWK=mawk
ac_cv_prog_LEX=flex
ac_cv_prog_YACC='bison -y'
ac_cv_prog_ac_ct_AR=ar
ac_cv_prog_ac_ct_CC=gcc
ac_cv_prog_ac_ct_MANIFEST_TOOL=mt
ac_cv_prog_ac_ct_OBJDUMP=objdump
ac_cv_prog_ac_ct_RANLIB=ranlib
ac_cv_prog_ac_ct_STRIP=strip
ac_cv_prog_cc_c11=
ac_cv_prog_cc_g=yes
ac_cv_prog_cc_stdc=
ac_cv_prog_lex_root=lex.yy
ac_cv_prog_lex_yytext_pointer=yes
ac_cv_prog_make_make_set=yes
ac_cv_search_yywrap=-ll
am_cv_CC_dependencies_compiler_type=gcc3
am_cv_ar_interface=ar
am_cv_make_support_nested_variables=yes
am_cv_prog_cc_c_o=yes
lt_cv_ar_at_file=@
lt_cv_archive_cmds_need_lc=no
lt_cv_deplibs_check_method=pass_all
lt_cv_file_magic_cmd='$MAGIC_CMD'
lt_cv_file_magic_test_file=
lt_cv_ld_reload_flag=-r
lt_cv_nm_interface='BSD nm'
lt_cv_objdir=.libs
lt_cv_path_LD=/usr/bin/ld
lt_cv_path_NM='/usr/bin/nm -B'
lt_cv_path_mainfest_tool=no
lt_cv_prog_compiler_c_o=yes
lt_cv_prog_compiler_pic='-fPIC -DPIC'
lt_cv_prog_compiler_pic_works=yes
lt_cv_prog_compiler_rtti_exceptions=no
lt_cv_prog_compiler_static_works=yes
lt_cv_prog_gnu_ld=yes
lt_cv_sharedlib_from_linklib_cmd='printf %s\n'
lt_cv_shlibpath_overrides_runpath=yes
lt_cv_sys_global_symbol_pipe='sed -n -e '\''s/^.*[	 ]\([ABCDGIRSTW][ABCDGIRSTW]*\)[	 ][	 ]*\([_A-Za-z][_A-Za-z0-9]*\)$/\1 \2 \2/p'\'' | sed '\''/ __gnu_lto/d'\'''
lt_cv_sys_global_symbol_to_c_name_address='sed -n -e '\''s/^: \(.*\) .*$/  {"\1", (void *) 0},/p'\'' -e '\''s/^[ABCDGIRSTW][ABCDGIRSTW]* .* \(.*\)$/  {"\1", (void *) \&\1},/p'\'''
lt_cv_sys_global_symbol_to_c_name_address_lib_prefix='sed -n -e '\''s/^: \(.*\) .*$/  {"\1", (void *) 0},/p'\'' -e '\''s/^[ABCDGIRSTW][ABCDGIRSTW]* .* \(lib.*\)$/  {"\1", (void *) \&\1},/p'\'' -e '\''s/^[ABCDGIRSTW][ABCDGIRSTW]* .* \(.*\)$/  {"lib\1", (void *) \&\1},/p'\'''
lt_cv_sys_global_symbol_to_cdecl='sed -n -e '\''s/^T .* \(.*\)$/extern int \1();/p'\'' -e '\''s/^[ABCDGIRSTW][ABCDGIRSTW]* .* \(.*\)$/extern char \1;/p'\'''
lt_cv_sys_global_symbol_to_import=
lt_cv_sys_max_cmd_len=1572864
lt_cv_to_host_file_cmd=func_convert_file_noop
lt_cv_to_tool_file_cmd=func_convert_file_noop
lt_cv_truncate_bin='/usr/bin/dd bs=4096 count=1'

## ----------------- ##
## Output variables. ##
## ----------------- ##

ACLOCAL='${SHELL} '\''/home/vboxuser/Desktop/finalyrproj/backend/yara-master/build-aux/missing'\'' aclocal-1.16'
ADDRESS_SANITIZER_FALSE=''
ADDRESS_SANITIZER_TRUE='#'
AMDEPBACKSLASH='\'
AMDEP_FALSE='#'
AMDEP_TRUE=''
AMTAR='$${TAR-tar}'
AM_BACKSLASH='\'
AM_DEFAULT_V='$(AM_DEFAULT_VERBOSITY)'
AM_DEFAULT_VERBOSITY='0'
AM_V='$(V)'
AR='ar'
AUTHENTICODE_MODULE_FALSE='#'
AUTHENTICODE_MODULE_TRUE=''
AUTOCONF='${SHELL} '\''/home/vboxuser/Desktop/finalyrproj/backend/yara-master/build-aux/missing'\'' autoconf'
AUTOHEADER='${SHELL} '\''/home/vboxuser/Desktop/finalyrproj/backend/yara-master/build-aux/missing'\'' autoheader'
AUTOMAKE='${SHELL} '\''/home/vboxuser/Desktop/finalyrproj/backend/yara-master/build-aux/missing'\'' automake-1.16'
AWK='mawk'
CC='gcc'
CCDEPMODE='depmode=gcc3'
CFLAGS=' -DUSE_LINUX_PROC  -DDOTNET_MODULE -DHASH_MODULE -DBUCKETS_128=1 -DCHECKSUM_1B=1'
CPPFLAGS=''
CSCOPE='cscope'
CTAGS='ctags'
CUCKOO_MODULE_FALSE=''
CUCKOO_MODULE_TRUE='#'
CYGPATH_W='echo'
DEBUG_DEX_MODULE_FALSE=''
DEBUG_DEX_MODULE_TRUE='#'
DEBUG_FALSE=''
DEBUG_TRUE='#'
DEFS='-DPACKAGE_NAME=\"yara\" -DPACKAGE_TARNAME=\"yara\" -DPACKAGE_VERSION=\"4.5.2\" -DPACKAGE_STRING=\"yara\ 4.5.2\" -DPACKAGE_BUGREPORT=\"vmalvarez@virustotal.com\" -DPACKAGE_URL=\"\" -DPACKAGE=\"yara\" -DVERSION=\"4.5.2\" -DYYTEXT_POINTER=1 -DHAVE_STDIO_H=1 -DHAVE_STDLIB_H=1 -DHAVE_STRING_H=1 -DHAVE_INTTYPES_H=1 -DHAVE_STDINT_H=1 -DHAVE_STRINGS_H=1 -DHAVE_SYS_STAT_H=1 -DHAVE_SYS_TYPES_H=1 -DHAVE_UNISTD_H=1 -DSTDC_HEADERS=1 -DHAVE_DLFCN_H=1 -DLT_OBJDIR=\".libs/\" -DHAVE_LIBM=1 -DHAVE_LIBM=1 -DHAVE_MEMMEM=1 -DHAVE_TIMEGM=1 -DHAVE_CLOCK_GETTIME=1 -DHAVE_STDBOOL_H=1 -DHAVE_OPENSSL_EVP_H=1 -DHAVE_OPENSSL_ASN1_H=1 -DHAVE_OPENSSL_CRYPTO_H=1 -DHAVE_OPENSSL_BIO_H=1 -DHAVE_OPENSSL_PKCS7_H=1 -DHAVE_OPENSSL_X509_H=1 -DHAVE_OPENSSL_SAFESTACK_H=1 -DHAVE_LIBCRYPTO=1 -DHAVE_LIBCRYPTO=1 -DHAVE_LIBCRYPTO=1 -DHAVE_LIBCRYPTO=1 -DHAVE_LIBCRYPTO=1 -DHAVE_LIBCRYPTO=1 -DHAVE_SCAN_PROC_IMPL=1'
DEPDIR='.deps'
DEX_MODULE_FALSE=''
DEX_MODULE_TRUE='#'
DLLTOOL='false'
DOTNET_MODULE_FALSE='#'
DOTNET_MODULE_TRUE=''
DSYMUTIL=''
DUMPBIN=''
ECHO_C=''
ECHO_N='-n'
ECHO_T=''
EGREP='/usr/bin/grep -E'
ENABLE_PARTIAL_MATCHING_FALSE=''
ENABLE_PARTIAL_MATCHING_TRUE='#'
ETAGS='etags'
EXEEXT=''
FGREP='/usr/bin/grep -F'
GCC_FALSE='#'
GCC_TRUE=''
GCOV_FALSE=''
GCOV_TRUE='#'
GREP='/usr/bin/grep'
HASH_MODULE_FALSE='#'
HASH_MODULE_TRUE=''
INSTALL_DATA='${INSTALL} -m 644'
INSTALL_PROGRAM='${INSTALL}'
INSTALL_SCRIPT='${INSTALL}'
INSTALL_STRIP_PROGRAM='$(install_sh) -c -s'
LD='/usr/bin/ld -m elf_x86_64'
LDFLAGS=''
LEX='flex'
LEXLIB='-ll '
LEX_OUTPUT_ROOT='lex.yy'
LIBOBJS=''
LIBS='-lcrypto -lcrypto -lcrypto -lcrypto -lcrypto -lcrypto -lm -lm  '
LIBTOOL='$(SHELL) $(top_builddir)/libtool'
LIPO=''
LN_S='ln -s'
LTLIBOBJS=''
LT_SYS_LIBRARY_PATH=''
MACHO_MODULE_FALSE=''
MACHO_MODULE_TRUE='#'
MAGIC_MODULE_FALSE=''
MAGIC_MODULE_TRUE='#'
MAKEINFO='${SHELL} '\''/home/vboxuser/Desktop/finalyrproj/backend/yara-master/build-aux/missing'\'' makeinfo'
MANIFEST_TOOL=':'
MKDIR_P='/usr/bin/mkdir -p'
NM='/usr/bin/nm -B'
NMEDIT=''
OBJDUMP='objdump'
OBJEXT='o'
OPTIMIZATION_FALSE='#'
OPTIMIZATION_TRUE=''
OTOOL64=''
OTOOL=''
PACKAGE='yara'
PACKAGE_BUGREPORT='vmalvarez@virustotal.com'
PACKAGE_NAME='yara'
PACKAGE_STRING='yara 4.5.2'
PACKAGE_TARNAME='yara'
PACKAGE_URL=''
PACKAGE_VERSION='4.5.2'
PATH_SEPARATOR=':'
PB_TESTS_MODULE_FALSE=''
PB_TESTS_MODULE_TRUE='#'
PC_LIBS_PRIVATE=' -lm'
PC_REQUIRES_PRIVATE=' libcrypto'
PKG_CONFIG='/usr/bin/pkg-config'
PKG_CONFIG_LIBDIR=''
PKG_CONFIG_PATH=''
POSIX_FALSE='#'
POSIX_TRUE=''
PROFILING_ENABLED_FALSE=''
PROFILING_ENABLED_TRUE='#'
PROTOBUF_C_CFLAGS=''
PROTOBUF_C_LIBS=''
PROTOC=''
PROTOC_FALSE=''
PROTOC_TRUE='#'
PTHREAD_CC='gcc'
PTHREAD_CFLAGS=''
PTHREAD_LIBS=''
RANLIB='ranlib'
SED='/usr/bin/sed'
SET_MAKE=''
SHELL='/bin/bash'
STRIP='strip'
UB_SANITIZER_FALSE=''
UB_SANITIZER_TRUE='#'
USE_FREEBSD_PROC_FALSE=''
USE_FREEBSD_PROC_TRUE='#'
USE_LINUX_PROC_FALSE='#'
USE_LINUX_PROC_TRUE=''
USE_MACH_PROC_FALSE=''
USE_MACH_PROC_TRUE='#'
USE_NO_PROC_FALSE=''
USE_NO_PROC_TRUE='#'
USE_OPENBSD_PROC_FALSE=''
USE_OPENBSD_PROC_TRUE='#'
USE_WINDOWS_PROC_FALSE=''
USE_WINDOWS_PROC_TRUE='#'
VERSION='4.5.2'
YACC='bison -y'
YFLAGS=''
ac_ct_AR='ar'
ac_ct_CC='gcc'
ac_ct_DUMPBIN=''
acx_pthread_config=''
am__EXEEXT_FALSE=''
am__EXEEXT_TRUE='#'
am__fastdepCC_FALSE='#'
am__fastdepCC_TRUE=''
am__include='include'
am__isrc=''
am__leading_dot='.'
am__nodep='_no'
am__quote=''
am__tar='$${TAR-tar} chof - "$$tardir"'
am__untar='$${TAR-tar} xf -'
bindir='${exec_prefix}/bin'
build='x86_64-pc-linux-gnu'
build_alias=''
build_cpu='x86_64'
build_os='linux-gnu'
build_vendor='pc'
datadir='${datarootdir}'
datarootdir='${prefix}/share'
docdir='${datarootdir}/doc/${PACKAGE_TARNAME}'
dvidir='${docdir}'
exec_prefix='${prefix}'
host='x86_64-pc-linux-gnu'
host_alias=''
host_cpu='x86_64'
host_os='linux-gnu'
host_vendor='pc'
htmldir='${docdir}'
includedir='${prefix}/include'
infodir='${datarootdir}/info'
install_sh='${SHELL} /home/vboxuser/Desktop/finalyrproj/backend/yara-master/build-aux/install-sh'
libdir='${exec_prefix}/lib'
libexecdir='${exec_prefix}/libexec'
localedir='${datarootdir}/locale'
localstatedir='${prefix}/var'
mandir='${datarootdir}/man'
mkdir_p='$(MKDIR_P)'
oldincludedir='/usr/include'
pdfdir='${docdir}'
prefix='/usr/local'
program_transform_name='s,x,x,'
psdir='${docdir}'
runstatedir='${localstatedir}/run'
sbindir='${exec_prefix}/sbin'
sharedstatedir='${prefix}/com'
sysconfdir='${prefix}/etc'
target_alias=''

## ----------- ##
## confdefs.h. ##
## ----------- ##

/* confdefs.h */
#define PACKAGE_NAME "yara"
#define PACKAGE_TARNAME "yara"
#define PACKAGE_VERSION "4.5.2"
#define PACKAGE_STRING "yara 4.5.2"
#define PACKAGE_BUGREPORT "vmalvarez@virustotal.com"
#define PACKAGE_URL ""
#define PACKAGE "yara"
#define VERSION "4.5.2"
#define YYTEXT_POINTER 1
#define HAVE_STDIO_H 1
#define HAVE_STDLIB_H 1
#define HAVE_STRING_H 1
#define HAVE_INTTYPES_H 1
#define HAVE_STDINT_H 1
#define HAVE_STRINGS_H 1
#define HAVE_SYS_STAT_H 1
#define HAVE_SYS_TYPES_H 1
#define HAVE_UNISTD_H 1
#define STDC_HEADERS 1
#define HAVE_DLFCN_H 1
#define LT_OBJDIR ".libs/"
#define HAVE_LIBM 1
#define HAVE_LIBM 1
#define HAVE_MEMMEM 1
#define HAVE_TIMEGM 1
#define HAVE_CLOCK_GETTIME 1
#define HAVE_STDBOOL_H 1
#define HAVE_OPENSSL_EVP_H 1
#define HAVE_OPENSSL_ASN1_H 1
#define HAVE_OPENSSL_CRYPTO_H 1
#define HAVE_OPENSSL_BIO_H 1
#define HAVE_OPENSSL_PKCS7_H 1
#define HAVE_OPENSSL_X509_H 1
#define HAVE_OPENSSL_SAFESTACK_H 1
#define HAVE_LIBCRYPTO 1
#define HAVE_LIBCRYPTO 1
#define HAVE_LIBCRYPTO 1
#define HAVE_LIBCRYPTO 1
#define HAVE_LIBCRYPTO 1
#define HAVE_LIBCRYPTO 1
#define HAVE_SCAN_PROC_IMPL 1

configure: exit 0
